500 785 13
1 1 1
1 2 383
2 3 386
3 4 277
4 5 415
5 6 293
6 7 335
7 5 386
5 8 492
8 9 149
9 7 421
7 10 362
10 11 27
11 9 190
9 12 59
12 13 263
13 11 426
11 14 40
14 15 426
15 13 172
13 16 236
16 17 211
17 15 368
15 18 67
18 19 429
19 17 282
17 20 30
20 21 362
21 19 123
19 22 67
22 23 135
23 21 429
21 24 302
24 25 22
25 23 58
23 26 69
26 27 167
27 25 393
25 28 456
28 29 11
29 27 42
27 30 229
30 31 373
31 29 421
29 32 419
32 33 284
33 31 37
31 34 198
34 35 324
35 33 315
33 36 370
36 37 413
37 35 26
35 38 91
38 39 480
39 37 456
37 40 373
40 41 362
41 38 170
39 42 281
42 43 305
43 40 425
41 44 327
44 45 336
45 42 5
43 46 229
46 47 313
47 44 357
45 48 395
48 49 82
49 43 45
47 50 434
50 51 364
51 45 43
49 52 308
52 53 276
53 47 178
51 54 403
54 55 151
55 48 254
53 56 176
56 57 368
57 50 239
55 58 94
58 59 39
59 49 295
57 60 101
60 61 97
61 51 402
59 62 301
62 63 280
63 52 286
61 64 440
64 65 229
65 54 31
63 66 209
66 67 427
67 56 67
65 68 306
68 69 183
69 55 219
67 70 19
70 71 270
71 57 368
69 72 118
72 73 245
73 59 346
71 74 228
74 75 341
75 61 350
73 76 487
76 77 356
77 63 243
75 78 51
78 79 437
79 65 228
77 80 29
80 81 237
81 67 235
79 82 29
82 83 276
83 69 404
81 84 404
84 85 318
85 71 128
83 86 243
86 87 470
87 73 183
85 88 5
88 89 139
89 75 454
87 90 7
90 91 355
91 77 304
89 92 246
92 93 68
93 78 340
91 94 378
94 95 305
95 80 320
93 96 282
96 97 258
97 79 424
95 98 50
98 99 468
99 81 71
97 100 199
100 101 481
101 83 399
99 102 466
102 103 84
103 85 340
101 104 179
104 105 418
105 87 387
103 106 87
106 107 206
107 88 301
105 108 311
108 109 440
109 90 167
107 110 269
110 111 396
111 92 81
109 112 299
112 113 140
113 91 42
111 114 232
114 115 155
115 93 494
113 116 384
116 117 493
117 94 205
115 118 6
118 119 284
119 96 21
117 120 248
120 121 303
121 98 333
119 122 297
122 123 249
123 100 490
121 124 188
124 125 157
125 102 229
123 126 402
126 127 294
127 104 197
125 128 151
128 129 35
129 106 134
127 130 335
130 131 177
131 108 400
129 132 390
132 133 182
133 110 340
131 134 309
134 135 190
135 112 425
133 136 358
136 137 312
137 111 386
135 138 51
138 139 80
139 113 131
137 140 469
140 141 189
141 115 274
139 142 106
142 143 260
143 117 349
141 144 483
144 145 107
145 119 478
143 146 157
146 147 181
147 121 493
145 148 462
148 149 182
149 123 390
147 150 37
150 151 240
151 125 54
149 152 80
152 153 218
153 127 21
151 154 357
154 155 244
155 129 499
153 156 434
156 157 291
157 131 375
155 158 93
158 159 74
159 132 126
157 160 210
160 161 232
161 134 294
159 162 217
162 163 336
163 136 463
161 164 305
164 165 250
165 138 368
163 166 365
166 167 60
167 140 36
165 168 234
168 169 40
169 142 283
167 170 82
170 171 435
171 144 232
169 172 223
172 173 324
173 146 272
171 174 153
174 175 433
175 148 407
173 176 52
176 177 171
177 150 189
175 178 338
178 179 489
179 152 426
177 180 350
180 181 131
181 154 313
179 182 404
182 183 222
183 156 392
181 184 483
184 185 276
185 158 154
183 186 285
186 187 430
187 160 490
185 188 118
188 189 143
189 162 337
187 190 283
190 191 350
191 164 157
189 192 393
192 193 77
193 166 390
191 194 368
194 195 298
195 168 184
193 196 274
196 197 445
197 170 0
195 198 485
198 199 457
199 172 354
197 200 15
200 201 6
201 174 351
199 202 90
202 203 341
203 173 470
201 204 489
204 205 32
205 175 154
203 206 465
206 207 314
207 177 326
205 208 235
208 209 48
209 179 295
207 210 171
210 211 358
211 181 177
209 212 419
212 213 289
213 183 344
211 214 467
214 215 412
215 185 192
213 216 457
216 217 62
217 187 125
215 218 29
218 219 59
219 188 398
217 220 438
220 221 57
221 190 493
219 222 95
222 223 399
223 192 24
221 224 499
224 225 351
225 194 339
223 226 273
226 227 143
227 196 19
225 228 234
228 229 319
229 198 315
227 230 57
230 231 329
231 197 403
229 232 51
232 233 89
233 199 386
231 234 123
234 235 437
235 200 433
233 236 301
236 237 176
237 202 152
235 238 499
238 239 370
239 204 294
237 240 346
240 241 183
241 206 138
239 242 103
242 243 161
243 208 325
241 244 279
244 245 490
245 210 453
243 246 439
246 247 263
247 212 235
245 248 47
248 249 407
249 214 484
247 250 488
250 251 394
251 213 320
249 252 466
252 253 297
253 215 248
251 254 361
254 255 406
255 217 334
253 256 313
256 257 379
257 219 134
255 258 428
258 259 276
259 221 347
257 260 65
260 261 294
261 223 499
259 262 324
262 263 382
263 225 465
261 264 208
264 265 162
265 227 442
263 266 213
266 267 354
267 229 382
265 268 269
268 269 346
269 231 107
267 270 383
270 271 264
271 233 67
269 272 422
272 273 140
273 234 468
271 274 127
274 275 378
275 236 228
273 276 362
276 277 268
277 238 395
275 278 209
278 279 355
279 240 247
277 280 71
280 281 423
281 242 103
279 282 473
282 283 437
283 244 365
281 284 446
284 285 374
285 246 458
283 286 307
286 287 169
287 248 497
285 288 220
288 289 190
289 250 140
287 290 185
290 291 308
291 252 94
289 292 51
292 293 12
293 254 456
291 294 369
294 295 236
295 256 15
293 296 260
296 297 290
297 258 402
295 298 161
298 299 134
299 257 333
297 300 446
300 301 219
301 259 367
299 302 169
302 303 295
303 261 63
301 304 433
304 305 2
305 263 277
303 306 490
306 307 484
307 265 194
305 308 264
308 309 79
309 267 258
307 310 376
310 311 58
311 269 101
309 312 218
312 313 260
313 271 29
311 314 90
314 315 389
315 273 354
313 316 126
316 317 401
317 275 445
315 318 446
318 319 366
319 277 67
317 320 275
320 321 181
321 279 456
319 322 136
322 323 258
323 281 10
321 324 203
324 325 30
325 282 229
323 326 107
326 327 258
327 284 53
325 328 410
328 329 448
329 286 392
327 330 307
330 331 157
331 288 129
329 332 444
332 333 123
333 290 55
331 334 414
334 335 424
335 292 458
333 336 129
336 337 328
337 294 12
335 338 284
338 339 42
339 296 132
337 340 117
340 341 314
341 298 498
339 342 485
342 343 491
343 300 489
341 344 135
344 345 96
345 302 424
343 346 446
346 347 39
347 304 284
345 348 180
348 349 95
349 306 232
347 350 439
350 351 119
351 308 193
349 352 303
352 353 487
353 310 470
351 354 404
354 355 23
355 312 467
353 356 328
356 357 476
357 314 9
355 358 315
358 359 334
359 316 257
357 360 303
360 361 387
361 318 221
359 362 186
362 363 109
363 320 57
361 364 434
364 365 352
365 322 49
363 366 296
366 367 309
367 324 445
365 368 10
368 369 111
369 326 148
367 370 154
370 371 380
371 328 75
369 372 124
372 373 429
373 330 459
371 374 483
374 375 339
375 332 64
373 376 207
376 377 147
377 334 73
375 378 160
378 379 271
379 333 290
377 380 335
380 381 329
381 335 124
379 382 17
382 383 434
383 337 199
381 384 38
384 385 160
385 339 444
383 386 55
386 387 392
387 340 205
385 388 57
388 389 390
389 342 361
387 390 40
390 391 80
391 341 274
389 392 129
392 393 256
393 343 138
391 394 381
394 395 207
395 345 123
393 396 128
396 397 397
397 347 265
395 398 475
398 399 279
399 349 94
397 400 322
400 401 280
401 351 117
399 402 205
402 403 89
403 353 182
401 404 313
404 405 359
405 355 291
403 406 207
406 407 135
407 357 246
405 408 415
408 409 181
409 359 433
407 410 55
410 411 499
411 360 257
409 412 466
412 413 349
413 362 296
411 414 323
414 415 494
415 364 370
413 416 387
416 417 304
417 366 162
415 418 349
418 419 108
419 368 163
417 420 151
420 421 347
421 370 408
419 422 103
422 423 12
423 372 288
421 424 96
424 425 292
425 374 329
423 426 334
426 427 46
427 376 386
425 428 325
428 429 221
429 375 389
427 430 176
430 431 482
431 377 151
429 432 258
432 433 20
433 379 12
431 434 32
434 435 331
435 381 82
433 436 245
436 437 374
437 383 323
435 438 409
438 439 326
439 385 489
437 440 150
440 441 397
441 387 476
439 442 477
442 443 218
443 389 469
441 444 260
444 445 20
445 390 356
443 446 131
446 447 202
447 392 75
445 448 353
448 449 271
449 394 334
447 450 425
450 451 441
451 396 452
449 452 304
452 453 403
453 398 335
451 454 322
454 455 372
455 400 230
453 456 418
456 457 409
457 402 422
455 458 212
458 459 257
459 404 317
457 460 373
460 461 101
461 406 83
459 462 85
462 463 337
463 408 273
461 464 31
464 465 469
465 410 459
463 466 295
466 467 235
467 412 131
465 468 300
468 469 471
469 414 289
467 470 64
470 471 414
471 416 450
469 472 179
472 473 223
473 418 299
471 474 442
474 475 204
475 420 38
473 476 33
476 477 186
477 422 272
475 478 202
478 479 204
479 421 369
477 480 168
480 481 491
481 423 403
479 482 258
482 483 337
483 425 85
481 484 119
484 485 298
485 427 456
483 486 124
486 487 169
487 429 433
485 488 18
488 489 245
489 431 109
487 490 307
490 491 118
491 432 394
489 492 53
492 493 94
493 434 60
491 494 91
494 495 216
495 433 185
493 496 218
496 497 325
497 435 388
495 498 8
498 499 365
499 437 260
497 500 336
500 439 427
499 441 414
500 443 388
499 445 18
500 447 465
499 448 201
500 450 200
499 452 294
500 454 445
499 456 264
500 458 213
499 460 31
500 459 329
499 461 80
500 463 186
499 465 373
500 466 453
499 468 256
500 467 27
499 469 453
500 470 384
499 472 484
500 474 24
499 476 9
500 478 37
499 480 227
500 482 315
499 484 448
500 486 441
499 488 168
500 490 460
499 489 224
500 491 264
499 493 371
500 495 376
499 496 396
500 498 279
499 500 239
